{
  "RSpec": {
    "coverage": {
      "/home/saasbook/CAL-Software-Engineering/hw4_rottenpotatoes/app/controllers/application_controller.rb": [
        1,
        1,
        null
      ],
      "/home/saasbook/CAL-Software-Engineering/hw4_rottenpotatoes/app/helpers/application_helper.rb": [
        1,
        null
      ],
      "/home/saasbook/CAL-Software-Engineering/hw4_rottenpotatoes/app/helpers/movies_helper.rb": [
        1,
        null,
        1,
        0,
        null,
        null
      ],
      "/home/saasbook/CAL-Software-Engineering/hw4_rottenpotatoes/app/controllers/movies_controller.rb": [
        1,
        null,
        1,
        0,
        0,
        null,
        null,
        null,
        1,
        2,
        2,
        2,
        2,
        1,
        null,
        1,
        1,
        null,
        null,
        1,
        null,
        0,
        0,
        null,
        0,
        null,
        0,
        null,
        0,
        0,
        null,
        0,
        0,
        0,
        null,
        null,
        0,
        0,
        0,
        0,
        null,
        0,
        null,
        null,
        1,
        null,
        null,
        null,
        1,
        0,
        0,
        0,
        null,
        null,
        1,
        0,
        null,
        null,
        1,
        0,
        0,
        0,
        0,
        null,
        null,
        1,
        0,
        0,
        0,
        0,
        null,
        null,
        null
      ],
      "/home/saasbook/CAL-Software-Engineering/hw4_rottenpotatoes/app/models/movie.rb": [
        1,
        1,
        0,
        null,
        1,
        3,
        3,
        3,
        3,
        3,
        null,
        null
      ]
    },
    "timestamp": 1330000861
  },
  "Cucumber Features": {
    "coverage": {
      "/home/saasbook/CAL-Software-Engineering/hw4_rottenpotatoes/app/controllers/application_controller.rb": [
        1,
        1,
        null
      ],
      "/home/saasbook/CAL-Software-Engineering/hw4_rottenpotatoes/app/helpers/application_helper.rb": [
        1,
        null
      ],
      "/home/saasbook/CAL-Software-Engineering/hw4_rottenpotatoes/app/helpers/movies_helper.rb": [
        1,
        null,
        1,
        0,
        null,
        null
      ],
      "/home/saasbook/CAL-Software-Engineering/hw4_rottenpotatoes/app/controllers/movies_controller.rb": [
        1,
        null,
        1,
        4,
        4,
        null,
        null,
        null,
        1,
        2,
        2,
        2,
        2,
        1,
        null,
        1,
        1,
        null,
        null,
        1,
        null,
        22,
        22,
        null,
        2,
        null,
        2,
        null,
        22,
        22,
        null,
        22,
        2,
        2,
        null,
        null,
        20,
        5,
        5,
        5,
        null,
        15,
        null,
        null,
        1,
        null,
        null,
        null,
        1,
        1,
        1,
        1,
        null,
        null,
        1,
        1,
        null,
        null,
        1,
        1,
        1,
        1,
        1,
        null,
        null,
        1,
        0,
        0,
        0,
        0,
        null,
        null,
        null
      ],
      "/home/saasbook/CAL-Software-Engineering/hw4_rottenpotatoes/app/models/movie.rb": [
        1,
        1,
        22,
        null,
        1,
        2,
        2,
        2,
        2,
        2,
        null,
        null
      ]
    },
    "timestamp": 1330000813
  }
}
